<?xml version="1.0" encoding="UTF-8"?>
<robot generator="Robot 7.4.2 (Python 3.14.4 on linux)" generated="2026-06-14T14:28:14.861233" rpa="false" schemaversion="5">
<suite id="s1" name="Teste" source="/home/holy/Documents/Projects/Python/StalkProject/RobotAuto/teste.robot">
<test id="s1-t1" name="Teste Google" line="6">
<kw name="Open Browser" owner="SeleniumLibrary">
<msg time="2026-06-14T14:28:15.003870" level="INFO">Opening browser 'firefox' to base url 'https://www.google.com'.</msg>
<arg>https://www.google.com</arg>
<arg>firefox</arg>
<doc>Opens a new browser instance to the optional ``url``.</doc>
<status status="PASS" start="2026-06-14T14:28:15.003719" elapsed="2.617381"/>
</kw>
<kw name="Input Text" owner="SeleniumLibrary">
<msg time="2026-06-14T14:28:17.621725" level="INFO">Typing text 'Robot Framework' into text field 'name=q'.</msg>
<arg>name=q</arg>
<arg>Robot Framework</arg>
<doc>Types the given ``text`` into the text field identified by ``locator``.</doc>
<status status="PASS" start="2026-06-14T14:28:17.621326" elapsed="0.059505"/>
</kw>
<kw name="Press Keys" owner="SeleniumLibrary">
<msg time="2026-06-14T14:28:17.681538" level="INFO">Sending key(s) ('ENTER',) to name=q element.</msg>
<msg time="2026-06-14T14:28:18.025785" level="INFO">Pressing special key ENTER to element.</msg>
<msg time="2026-06-14T14:28:18.025860" level="INFO">Releasing special key ENTER.</msg>
<arg>name=q</arg>
<arg>ENTER</arg>
<doc>Simulates the user pressing key(s) to an element or on the active browser.</doc>
<status status="PASS" start="2026-06-14T14:28:17.681154" elapsed="0.352230"/>
</kw>
<kw name="Sleep" owner="BuiltIn">
<msg time="2026-06-14T14:28:21.033911" level="INFO">Slept 3 seconds.</msg>
<arg>3s</arg>
<doc>Pauses the test executed for the given time.</doc>
<status status="PASS" start="2026-06-14T14:28:18.033573" elapsed="3.000446"/>
</kw>
<kw name="Close Browser" owner="SeleniumLibrary">
<doc>Closes the current browser.</doc>
<status status="PASS" start="2026-06-14T14:28:21.034209" elapsed="0.318261"/>
</kw>
<status status="PASS" start="2026-06-14T14:28:15.003182" elapsed="6.349547"/>
</test>
<status status="PASS" start="2026-06-14T14:28:14.861749" elapsed="6.491445"/>
</suite>
<statistics>
<total>
<stat pass="1" fail="0" skip="0">All Tests</stat>
</total>
<tag>
</tag>
<suite>
<stat name="Teste" id="s1" pass="1" fail="0" skip="0">Teste</stat>
</suite>
</statistics>
<errors>
<msg time="2026-06-14T14:28:14.847866" level="WARN">Error in file '/home/holy/Documents/Projects/Python/StalkProject/RobotAuto/teste.robot' on line 4: Singular section headers like '*** Test Case ***' are deprecated. Use plural format like '*** Test Cases ***' instead.</msg>
</errors>
</robot>
